<?xml version="1.0" encoding="UTF-8"?>
<!-- Generated by org.testng.reporters.JUnitReportReporter -->
<testsuite hostname="DESKTOP-TVKPLHS" name="com.testClasses.StartTest" tests="1" failures="0" timestamp="9 Aug 2018 10:01:08 GMT" time="137.785" errors="0">
  <testcase name="startTest" time="137.785" classname="com.testClasses.StartTest"/>
</testsuite> <!-- com.testClasses.StartTest -->
